<?xml version="1.0" encoding="UTF-8"?>
<testsuite name="com.retailai.controller.ChatControllerTest" tests="13" skipped="0" failures="0" errors="0" timestamp="2025-08-16T11:45:09.408Z" hostname="Jayeshs-MacBook-Pro.local" time="0.407">
  <properties/>
  <testcase name="testAsk_WithMissingAnswerKey_AddsFallbackMessage()" classname="com.retailai.controller.ChatControllerTest" time="0.383"/>
  <testcase name="testAsk_WithEmptyAnswer_AddsFallbackMessage()" classname="com.retailai.controller.ChatControllerTest" time="0.002"/>
  <testcase name="testAsk_WithEmptyQuestion_HandlesGracefully()" classname="com.retailai.controller.ChatControllerTest" time="0.003"/>
  <testcase name="testAsk_WithComplexResponse_ReturnsCompleteResponse()" classname="com.retailai.controller.ChatControllerTest" time="0.002"/>
  <testcase name="testAsk_WithEmptyPayload_HandlesGracefully()" classname="com.retailai.controller.ChatControllerTest" time="0.001"/>
  <testcase name="testAsk_WithValidAnswer_ReturnsOriginalResponse()" classname="com.retailai.controller.ChatControllerTest" time="0.002"/>
  <testcase name="testAsk_WithBlankAnswer_AddsFallbackMessage()" classname="com.retailai.controller.ChatControllerTest" time="0.001"/>
  <testcase name="testAsk_WithValidPayload_ReturnsValidResponse()" classname="com.retailai.controller.ChatControllerTest" time="0.001"/>
  <testcase name="testAsk_WithNullAnswer_AddsFallbackMessage()" classname="com.retailai.controller.ChatControllerTest" time="0.001"/>
  <testcase name="testAsk_WithValidPayload_NoTenantId_UsesDefaultTenant()" classname="com.retailai.controller.ChatControllerTest" time="0.0"/>
  <testcase name="testAsk_WithNullQuestion_HandlesGracefully()" classname="com.retailai.controller.ChatControllerTest" time="0.002"/>
  <testcase name="testAsk_WithNullPayload_HandlesGracefully()" classname="com.retailai.controller.ChatControllerTest" time="0.001"/>
  <testcase name="testAsk_WithWhitespaceQuestion_HandlesGracefully()" classname="com.retailai.controller.ChatControllerTest" time="0.001"/>
  <system-out><![CDATA[]]></system-out>
  <system-err><![CDATA[WARNING: A Java agent has been loaded dynamically (/Users/jayeshlodhiya/.gradle/caches/modules-2/files-2.1/net.bytebuddy/byte-buddy-agent/1.14.18/417558ea01fe9f0e8a94af28b9469d281c4e3984/byte-buddy-agent-1.14.18.jar)
WARNING: If a serviceability tool is in use, please run with -XX:+EnableDynamicAgentLoading to hide this warning
WARNING: If a serviceability tool is not in use, please run with -Djdk.instrument.traceUsage for more information
WARNING: Dynamic loading of agents will be disallowed by default in a future release
]]></system-err>
</testsuite>
